<?xml version="1.0" encoding="UTF-8"?>
<coverage generated="1750519646578" clover="3.2.0">
  <project timestamp="1750519646578" name="All files">
    <metrics statements="87" coveredstatements="73" conditionals="29" coveredconditionals="21" methods="25" coveredmethods="22" elements="141" coveredelements="116" complexity="0" loc="87" ncloc="87" packages="3" files="3" classes="3"/>
    <package name="src">
      <metrics statements="1" coveredstatements="0" conditionals="0" coveredconditionals="0" methods="1" coveredmethods="0"/>
      <file name="index.ts" path="/Users/huangchao/Work/GitHub/font-load-check/src/index.ts">
        <metrics statements="1" coveredstatements="0" conditionals="0" coveredconditionals="0" methods="1" coveredmethods="0"/>
        <line num="8" count="0" type="stmt"/>
      </file>
    </package>
    <package name="src.core">
      <metrics statements="60" coveredstatements="50" conditionals="21" coveredconditionals="14" methods="14" coveredmethods="13"/>
      <file name="FontChecker.ts" path="/Users/huangchao/Work/GitHub/font-load-check/src/core/FontChecker.ts">
        <metrics statements="60" coveredstatements="50" conditionals="21" coveredconditionals="14" methods="14" coveredmethods="13"/>
        <line num="34" count="17" type="stmt"/>
        <line num="37" count="17" type="stmt"/>
        <line num="49" count="10" type="stmt"/>
        <line num="50" count="10" type="cond" truecount="1" falsecount="1"/>
        <line num="51" count="0" type="stmt"/>
        <line num="52" count="0" type="stmt"/>
        <line num="55" count="10" type="stmt"/>
        <line num="56" count="9" type="stmt"/>
        <line num="57" count="9" type="stmt"/>
        <line num="59" count="1" type="stmt"/>
        <line num="60" count="1" type="stmt"/>
        <line num="70" count="3" type="stmt"/>
        <line num="71" count="3" type="cond" truecount="1" falsecount="1"/>
        <line num="72" count="0" type="stmt"/>
        <line num="73" count="0" type="stmt"/>
        <line num="76" count="3" type="stmt"/>
        <line num="77" count="2" type="stmt"/>
        <line num="78" count="2" type="stmt"/>
        <line num="80" count="1" type="stmt"/>
        <line num="81" count="1" type="stmt"/>
        <line num="90" count="4" type="stmt"/>
        <line num="91" count="4" type="cond" truecount="1" falsecount="1"/>
        <line num="92" count="0" type="stmt"/>
        <line num="93" count="0" type="stmt"/>
        <line num="97" count="4" type="stmt"/>
        <line num="98" count="6" type="stmt"/>
        <line num="101" count="3" type="stmt"/>
        <line num="102" count="3" type="stmt"/>
        <line num="104" count="1" type="stmt"/>
        <line num="105" count="1" type="stmt"/>
        <line num="116" count="10" type="stmt"/>
        <line num="118" count="10" type="cond" truecount="2" falsecount="0"/>
        <line num="119" count="2" type="stmt"/>
        <line num="120" count="8" type="cond" truecount="2" falsecount="0"/>
        <line num="121" count="9" type="stmt"/>
        <line num="123" count="3" type="stmt"/>
        <line num="124" count="3" type="stmt"/>
        <line num="127" count="19" type="stmt"/>
        <line num="129" count="10" type="stmt"/>
        <line num="142" count="12" type="cond" truecount="1" falsecount="1"/>
        <line num="143" count="0" type="stmt"/>
        <line num="144" count="0" type="stmt"/>
        <line num="151" count="12" type="stmt"/>
        <line num="153" count="12" type="stmt"/>
        <line num="156" count="12" type="stmt"/>
        <line num="157" count="12" type="stmt"/>
        <line num="161" count="12" type="stmt"/>
        <line num="164" count="3" type="stmt"/>
        <line num="166" count="12" type="stmt"/>
        <line num="173" count="0" type="stmt"/>
        <line num="174" count="0" type="stmt"/>
        <line num="188" count="2" type="stmt"/>
        <line num="190" count="2" type="stmt"/>
        <line num="191" count="2" type="stmt"/>
        <line num="194" count="2" type="stmt"/>
        <line num="195" count="7" type="stmt"/>
        <line num="196" count="7" type="cond" truecount="1" falsecount="1"/>
        <line num="197" count="7" type="stmt"/>
        <line num="198" count="7" type="stmt"/>
        <line num="206" count="2" type="stmt"/>
      </file>
    </package>
    <package name="src.utils">
      <metrics statements="26" coveredstatements="23" conditionals="8" coveredconditionals="7" methods="10" coveredmethods="9"/>
      <file name="fontUtils.ts" path="/Users/huangchao/Work/GitHub/font-load-check/src/utils/fontUtils.ts">
        <metrics statements="26" coveredstatements="23" conditionals="8" coveredconditionals="7" methods="10" coveredmethods="9"/>
        <line num="4" count="1" type="stmt"/>
        <line num="10" count="8" type="cond" truecount="2" falsecount="0"/>
        <line num="11" count="1" type="stmt"/>
        <line num="13" count="8" type="stmt"/>
        <line num="20" count="6" type="stmt"/>
        <line num="27" count="2" type="stmt"/>
        <line num="28" count="2" type="stmt"/>
        <line num="31" count="2" type="cond" truecount="2" falsecount="0"/>
        <line num="32" count="1" type="stmt"/>
        <line num="36" count="1" type="stmt"/>
        <line num="37" count="1" type="cond" truecount="1" falsecount="1"/>
        <line num="38" count="1" type="stmt"/>
        <line num="42" count="0" type="stmt"/>
        <line num="49" count="2" type="stmt"/>
        <line num="50" count="2" type="stmt"/>
        <line num="57" count="2" type="stmt"/>
        <line num="58" count="2" type="stmt"/>
        <line num="65" count="2" type="stmt"/>
        <line num="66" count="2" type="stmt"/>
        <line num="73" count="0" type="stmt"/>
        <line num="74" count="0" type="stmt"/>
        <line num="81" count="2" type="cond" truecount="2" falsecount="0"/>
        <line num="82" count="1" type="stmt"/>
        <line num="84" count="1" type="stmt"/>
        <line num="91" count="2" type="stmt"/>
        <line num="92" count="2" type="stmt"/>
      </file>
    </package>
  </project>
</coverage>
