{"/Users/chao921125/Work/GitHub/font-load-check/src/index.ts": {"path":"/Users/chao921125/Work/GitHub/font-load-check/src/index.ts","statementMap":{"0":{"start":{"line":8,"column":33},"end":{"line":8,"column":91}},"1":{"start":{"line":8,"column":67},"end":{"line":8,"column":91}}},"fnMap":{"0":{"name":"(anonymous_0)","decl":{"start":{"line":8,"column":33},"end":{"line":8,"column":34}},"loc":{"start":{"line":8,"column":67},"end":{"line":8,"column":91}},"line":8}},"branchMap":{},"s":{"0":0,"1":0},"f":{"0":0},"b":{}}
,"/Users/chao921125/Work/GitHub/font-load-check/src/core/FontChecker.ts": {"path":"/Users/chao921125/Work/GitHub/font-load-check/src/core/FontChecker.ts","statementMap":{"0":{"start":{"line":34,"column":38},"end":{"line":34,"column":47}},"1":{"start":{"line":37,"column":4},"end":{"line":40,"column":6}},"2":{"start":{"line":49,"column":4},"end":{"line":61,"column":5}},"3":{"start":{"line":50,"column":6},"end":{"line":53,"column":7}},"4":{"start":{"line":51,"column":8},"end":{"line":51,"column":54}},"5":{"start":{"line":52,"column":8},"end":{"line":52,"column":21}},"6":{"start":{"line":55,"column":6},"end":{"line":55,"column":67}},"7":{"start":{"line":56,"column":6},"end":{"line":56,"column":32}},"8":{"start":{"line":57,"column":6},"end":{"line":57,"column":18}},"9":{"start":{"line":59,"column":6},"end":{"line":59,"column":38}},"10":{"start":{"line":60,"column":6},"end":{"line":60,"column":19}},"11":{"start":{"line":70,"column":4},"end":{"line":82,"column":5}},"12":{"start":{"line":71,"column":6},"end":{"line":74,"column":7}},"13":{"start":{"line":72,"column":8},"end":{"line":72,"column":54}},"14":{"start":{"line":73,"column":8},"end":{"line":73,"column":21}},"15":{"start":{"line":76,"column":6},"end":{"line":76,"column":70}},"16":{"start":{"line":77,"column":6},"end":{"line":77,"column":35}},"17":{"start":{"line":78,"column":6},"end":{"line":78,"column":18}},"18":{"start":{"line":80,"column":6},"end":{"line":80,"column":38}},"19":{"start":{"line":81,"column":6},"end":{"line":81,"column":19}},"20":{"start":{"line":90,"column":4},"end":{"line":106,"column":5}},"21":{"start":{"line":91,"column":6},"end":{"line":94,"column":7}},"22":{"start":{"line":92,"column":8},"end":{"line":92,"column":54}},"23":{"start":{"line":93,"column":8},"end":{"line":93,"column":21}},"24":{"start":{"line":97,"column":6},"end":{"line":99,"column":9}},"25":{"start":{"line":98,"column":8},"end":{"line":98,"column":72}},"26":{"start":{"line":101,"column":6},"end":{"line":101,"column":30}},"27":{"start":{"line":102,"column":6},"end":{"line":102,"column":18}},"28":{"start":{"line":104,"column":6},"end":{"line":104,"column":38}},"29":{"start":{"line":105,"column":6},"end":{"line":105,"column":19}},"30":{"start":{"line":116,"column":37},"end":{"line":116,"column":39}},"31":{"start":{"line":118,"column":4},"end":{"line":125,"column":5}},"32":{"start":{"line":119,"column":6},"end":{"line":119,"column":43}},"33":{"start":{"line":120,"column":11},"end":{"line":125,"column":5}},"34":{"start":{"line":121,"column":6},"end":{"line":121,"column":85}},"35":{"start":{"line":121,"column":56},"end":{"line":121,"column":82}},"36":{"start":{"line":123,"column":21},"end":{"line":123,"column":58}},"37":{"start":{"line":124,"column":6},"end":{"line":124,"column":25}},"38":{"start":{"line":127,"column":24},"end":{"line":127,"column":60}},"39":{"start":{"line":127,"column":47},"end":{"line":127,"column":59}},"40":{"start":{"line":129,"column":4},"end":{"line":132,"column":6}},"41":{"start":{"line":142,"column":4},"end":{"line":149,"column":5}},"42":{"start":{"line":143,"column":23},"end":{"line":143,"column":65}},"43":{"start":{"line":144,"column":6},"end":{"line":148,"column":8}},"44":{"start":{"line":151,"column":4},"end":{"line":179,"column":5}},"45":{"start":{"line":153,"column":23},"end":{"line":153,"column":67}},"46":{"start":{"line":156,"column":29},"end":{"line":158,"column":8}},"47":{"start":{"line":157,"column":8},"end":{"line":157,"column":87}},"48":{"start":{"line":157,"column":25},"end":{"line":157,"column":63}},"49":{"start":{"line":161,"column":25},"end":{"line":164,"column":26}},"50":{"start":{"line":164,"column":21},"end":{"line":164,"column":25}},"51":{"start":{"line":166,"column":6},"end":{"line":170,"column":8}},"52":{"start":{"line":173,"column":23},"end":{"line":173,"column":65}},"53":{"start":{"line":174,"column":6},"end":{"line":178,"column":8}},"54":{"start":{"line":188,"column":4},"end":{"line":188,"column":31}},"55":{"start":{"line":190,"column":40},"end":{"line":190,"column":42}},"56":{"start":{"line":191,"column":20},"end":{"line":191,"column":37}},"57":{"start":{"line":194,"column":4},"end":{"line":204,"column":7}},"58":{"start":{"line":195,"column":25},"end":{"line":195,"column":58}},"59":{"start":{"line":196,"column":6},"end":{"line":203,"column":7}},"60":{"start":{"line":197,"column":8},"end":{"line":197,"column":32}},"61":{"start":{"line":198,"column":8},"end":{"line":202,"column":11}},"62":{"start":{"line":206,"column":4},"end":{"line":206,"column":20}}},"fnMap":{"0":{"name":"(anonymous_0)","decl":{"start":{"line":36,"column":2},"end":{"line":36,"column":3}},"loc":{"start":{"line":36,"column":48},"end":{"line":41,"column":3}},"line":36},"1":{"name":"(anonymous_1)","decl":{"start":{"line":48,"column":2},"end":{"line":48,"column":3}},"loc":{"start":{"line":48,"column":35},"end":{"line":62,"column":3}},"line":48},"2":{"name":"(anonymous_2)","decl":{"start":{"line":69,"column":2},"end":{"line":69,"column":3}},"loc":{"start":{"line":69,"column":38},"end":{"line":83,"column":3}},"line":69},"3":{"name":"(anonymous_3)","decl":{"start":{"line":89,"column":2},"end":{"line":89,"column":3}},"loc":{"start":{"line":89,"column":24},"end":{"line":107,"column":3}},"line":89},"4":{"name":"(anonymous_4)","decl":{"start":{"line":97,"column":30},"end":{"line":97,"column":31}},"loc":{"start":{"line":97,"column":38},"end":{"line":99,"column":7}},"line":97},"5":{"name":"(anonymous_5)","decl":{"start":{"line":115,"column":2},"end":{"line":115,"column":3}},"loc":{"start":{"line":115,"column":70},"end":{"line":133,"column":3}},"line":115},"6":{"name":"(anonymous_6)","decl":{"start":{"line":121,"column":48},"end":{"line":121,"column":49}},"loc":{"start":{"line":121,"column":56},"end":{"line":121,"column":82}},"line":121},"7":{"name":"(anonymous_7)","decl":{"start":{"line":127,"column":39},"end":{"line":127,"column":40}},"loc":{"start":{"line":127,"column":47},"end":{"line":127,"column":59}},"line":127},"8":{"name":"(anonymous_8)","decl":{"start":{"line":140,"column":2},"end":{"line":140,"column":3}},"loc":{"start":{"line":140,"column":76},"end":{"line":180,"column":3}},"line":140},"9":{"name":"(anonymous_9)","decl":{"start":{"line":156,"column":51},"end":{"line":156,"column":52}},"loc":{"start":{"line":156,"column":66},"end":{"line":158,"column":7}},"line":156},"10":{"name":"(anonymous_10)","decl":{"start":{"line":157,"column":19},"end":{"line":157,"column":20}},"loc":{"start":{"line":157,"column":25},"end":{"line":157,"column":63}},"line":157},"11":{"name":"(anonymous_11)","decl":{"start":{"line":164,"column":15},"end":{"line":164,"column":16}},"loc":{"start":{"line":164,"column":21},"end":{"line":164,"column":25}},"line":164},"12":{"name":"(anonymous_12)","decl":{"start":{"line":186,"column":2},"end":{"line":186,"column":3}},"loc":{"start":{"line":186,"column":60},"end":{"line":207,"column":3}},"line":186},"13":{"name":"(anonymous_13)","decl":{"start":{"line":194,"column":27},"end":{"line":194,"column":28}},"loc":{"start":{"line":194,"column":35},"end":{"line":204,"column":5}},"line":194}},"branchMap":{"0":{"loc":{"start":{"line":36,"column":14},"end":{"line":36,"column":46}},"type":"default-arg","locations":[{"start":{"line":36,"column":44},"end":{"line":36,"column":46}}],"line":36},"1":{"loc":{"start":{"line":50,"column":6},"end":{"line":53,"column":7}},"type":"if","locations":[{"start":{"line":50,"column":6},"end":{"line":53,"column":7}},{"start":{},"end":{}}],"line":50},"2":{"loc":{"start":{"line":71,"column":6},"end":{"line":74,"column":7}},"type":"if","locations":[{"start":{"line":71,"column":6},"end":{"line":74,"column":7}},{"start":{},"end":{}}],"line":71},"3":{"loc":{"start":{"line":91,"column":6},"end":{"line":94,"column":7}},"type":"if","locations":[{"start":{"line":91,"column":6},"end":{"line":94,"column":7}},{"start":{},"end":{}}],"line":91},"4":{"loc":{"start":{"line":118,"column":4},"end":{"line":125,"column":5}},"type":"if","locations":[{"start":{"line":118,"column":4},"end":{"line":125,"column":5}},{"start":{"line":120,"column":11},"end":{"line":125,"column":5}}],"line":118},"5":{"loc":{"start":{"line":120,"column":11},"end":{"line":125,"column":5}},"type":"if","locations":[{"start":{"line":120,"column":11},"end":{"line":125,"column":5}},{"start":{"line":122,"column":11},"end":{"line":125,"column":5}}],"line":120},"6":{"loc":{"start":{"line":131,"column":10},"end":{"line":131,"column":55}},"type":"cond-expr","locations":[{"start":{"line":131,"column":35},"end":{"line":131,"column":50}},{"start":{"line":131,"column":53},"end":{"line":131,"column":55}}],"line":131},"7":{"loc":{"start":{"line":142,"column":4},"end":{"line":149,"column":5}},"type":"if","locations":[{"start":{"line":142,"column":4},"end":{"line":149,"column":5}},{"start":{},"end":{}}],"line":142},"8":{"loc":{"start":{"line":147,"column":16},"end":{"line":147,"column":48}},"type":"cond-expr","locations":[{"start":{"line":147,"column":27},"end":{"line":147,"column":35}},{"start":{"line":147,"column":38},"end":{"line":147,"column":48}}],"line":147},"9":{"loc":{"start":{"line":169,"column":16},"end":{"line":169,"column":47}},"type":"cond-expr","locations":[{"start":{"line":169,"column":29},"end":{"line":169,"column":37}},{"start":{"line":169,"column":40},"end":{"line":169,"column":47}}],"line":169},"10":{"loc":{"start":{"line":196,"column":6},"end":{"line":203,"column":7}},"type":"if","locations":[{"start":{"line":196,"column":6},"end":{"line":203,"column":7}},{"start":{},"end":{}}],"line":196}},"s":{"0":17,"1":17,"2":10,"3":10,"4":0,"5":0,"6":10,"7":9,"8":9,"9":1,"10":1,"11":3,"12":3,"13":0,"14":0,"15":3,"16":2,"17":2,"18":1,"19":1,"20":4,"21":4,"22":0,"23":0,"24":4,"25":6,"26":3,"27":3,"28":1,"29":1,"30":10,"31":10,"32":2,"33":8,"34":5,"35":9,"36":3,"37":3,"38":10,"39":19,"40":10,"41":12,"42":0,"43":0,"44":12,"45":12,"46":12,"47":12,"48":0,"49":12,"50":3,"51":12,"52":0,"53":0,"54":2,"55":2,"56":2,"57":2,"58":7,"59":7,"60":7,"61":7,"62":2},"f":{"0":17,"1":10,"2":3,"3":4,"4":6,"5":10,"6":9,"7":19,"8":12,"9":12,"10":0,"11":3,"12":2,"13":7},"b":{"0":[12],"1":[0,10],"2":[0,3],"3":[0,4],"4":[2,8],"5":[5,3],"6":[3,7],"7":[0,12],"8":[0,0],"9":[9,3],"10":[7,0]},"_coverageSchema":"1a1c01bbd47fc00a2c39e90264f33305004495a9","hash":"62cda3cebfb8c1251161492f5237077ecc5c94d7"}
,"/Users/chao921125/Work/GitHub/font-load-check/src/utils/fontUtils.ts": {"path":"/Users/chao921125/Work/GitHub/font-load-check/src/utils/fontUtils.ts","statementMap":{"0":{"start":{"line":4,"column":44},"end":{"line":4,"column":48}},"1":{"start":{"line":10,"column":2},"end":{"line":12,"column":3}},"2":{"start":{"line":11,"column":4},"end":{"line":11,"column":49}},"3":{"start":{"line":13,"column":2},"end":{"line":13,"column":27}},"4":{"start":{"line":20,"column":2},"end":{"line":20,"column":34}},"5":{"start":{"line":27,"column":18},"end":{"line":27,"column":47}},"6":{"start":{"line":28,"column":17},"end":{"line":28,"column":46}},"7":{"start":{"line":31,"column":2},"end":{"line":33,"column":3}},"8":{"start":{"line":32,"column":4},"end":{"line":32,"column":62}},"9":{"start":{"line":36,"column":21},"end":{"line":36,"column":77}},"10":{"start":{"line":36,"column":54},"end":{"line":36,"column":76}},"11":{"start":{"line":37,"column":2},"end":{"line":39,"column":3}},"12":{"start":{"line":38,"column":4},"end":{"line":38,"column":22}},"13":{"start":{"line":42,"column":2},"end":{"line":42,"column":60}},"14":{"start":{"line":49,"column":18},"end":{"line":49,"column":47}},"15":{"start":{"line":50,"column":2},"end":{"line":50,"column":40}},"16":{"start":{"line":57,"column":18},"end":{"line":57,"column":47}},"17":{"start":{"line":58,"column":2},"end":{"line":58,"column":31}},"18":{"start":{"line":65,"column":18},"end":{"line":65,"column":47}},"19":{"start":{"line":66,"column":2},"end":{"line":66,"column":34}},"20":{"start":{"line":73,"column":18},"end":{"line":73,"column":47}},"21":{"start":{"line":74,"column":2},"end":{"line":74,"column":30}},"22":{"start":{"line":81,"column":2},"end":{"line":83,"column":3}},"23":{"start":{"line":82,"column":4},"end":{"line":82,"column":17}},"24":{"start":{"line":84,"column":2},"end":{"line":84,"column":52}},"25":{"start":{"line":91,"column":18},"end":{"line":91,"column":46}},"26":{"start":{"line":92,"column":2},"end":{"line":92,"column":40}}},"fnMap":{"0":{"name":"getGlobalFontChecker","decl":{"start":{"line":9,"column":9},"end":{"line":9,"column":29}},"loc":{"start":{"line":9,"column":73},"end":{"line":14,"column":1}},"line":9},"1":{"name":"createFontChecker","decl":{"start":{"line":19,"column":16},"end":{"line":19,"column":33}},"loc":{"start":{"line":19,"column":77},"end":{"line":21,"column":1}},"line":19},"2":{"name":"checkFont","decl":{"start":{"line":26,"column":22},"end":{"line":26,"column":31}},"loc":{"start":{"line":26,"column":106},"end":{"line":43,"column":1}},"line":26},"3":{"name":"(anonymous_3)","decl":{"start":{"line":36,"column":46},"end":{"line":36,"column":47}},"loc":{"start":{"line":36,"column":54},"end":{"line":36,"column":76}},"line":36},"4":{"name":"checkFonts","decl":{"start":{"line":48,"column":22},"end":{"line":48,"column":32}},"loc":{"start":{"line":48,"column":109},"end":{"line":51,"column":1}},"line":48},"5":{"name":"addFont","decl":{"start":{"line":56,"column":16},"end":{"line":56,"column":23}},"loc":{"start":{"line":56,"column":79},"end":{"line":59,"column":1}},"line":56},"6":{"name":"deleteFont","decl":{"start":{"line":64,"column":16},"end":{"line":64,"column":26}},"loc":{"start":{"line":64,"column":82},"end":{"line":67,"column":1}},"line":64},"7":{"name":"clearFonts","decl":{"start":{"line":72,"column":16},"end":{"line":72,"column":26}},"loc":{"start":{"line":72,"column":66},"end":{"line":75,"column":1}},"line":72},"8":{"name":"isFontLoaded","decl":{"start":{"line":80,"column":16},"end":{"line":80,"column":28}},"loc":{"start":{"line":80,"column":56},"end":{"line":85,"column":1}},"line":80},"9":{"name":"waitForFonts","decl":{"start":{"line":90,"column":22},"end":{"line":90,"column":34}},"loc":{"start":{"line":90,"column":99},"end":{"line":93,"column":1}},"line":90}},"branchMap":{"0":{"loc":{"start":{"line":10,"column":2},"end":{"line":12,"column":3}},"type":"if","locations":[{"start":{"line":10,"column":2},"end":{"line":12,"column":3}},{"start":{},"end":{}}],"line":10},"1":{"loc":{"start":{"line":31,"column":2},"end":{"line":33,"column":3}},"type":"if","locations":[{"start":{"line":31,"column":2},"end":{"line":33,"column":3}},{"start":{},"end":{}}],"line":31},"2":{"loc":{"start":{"line":37,"column":2},"end":{"line":39,"column":3}},"type":"if","locations":[{"start":{"line":37,"column":2},"end":{"line":39,"column":3}},{"start":{},"end":{}}],"line":37},"3":{"loc":{"start":{"line":81,"column":2},"end":{"line":83,"column":3}},"type":"if","locations":[{"start":{"line":81,"column":2},"end":{"line":83,"column":3}},{"start":{},"end":{}}],"line":81}},"s":{"0":1,"1":8,"2":1,"3":8,"4":6,"5":2,"6":2,"7":2,"8":1,"9":1,"10":1,"11":1,"12":1,"13":0,"14":2,"15":2,"16":2,"17":2,"18":2,"19":2,"20":0,"21":0,"22":2,"23":1,"24":1,"25":2,"26":2},"f":{"0":8,"1":6,"2":2,"3":1,"4":2,"5":2,"6":2,"7":0,"8":2,"9":2},"b":{"0":[1,7],"1":[1,1],"2":[1,0],"3":[1,1]},"_coverageSchema":"1a1c01bbd47fc00a2c39e90264f33305004495a9","hash":"35cf2b75208931daa3c9c5c5904656eade1ec9d5"}
}
