TN:
SF:src/index.ts
FN:8,(anonymous_0)
FNF:1
FNH:0
FNDA:0,(anonymous_0)
DA:8,0
LF:1
LH:0
BRF:0
BRH:0
end_of_record
TN:
SF:src/core/FontChecker.ts
FN:36,(anonymous_0)
FN:48,(anonymous_1)
FN:69,(anonymous_2)
FN:89,(anonymous_3)
FN:97,(anonymous_4)
FN:115,(anonymous_5)
FN:121,(anonymous_6)
FN:127,(anonymous_7)
FN:140,(anonymous_8)
FN:156,(anonymous_9)
FN:157,(anonymous_10)
FN:164,(anonymous_11)
FN:186,(anonymous_12)
FN:194,(anonymous_13)
FNF:14
FNH:13
FNDA:17,(anonymous_0)
FNDA:10,(anonymous_1)
FNDA:3,(anonymous_2)
FNDA:4,(anonymous_3)
FNDA:6,(anonymous_4)
FNDA:10,(anonymous_5)
FNDA:9,(anonymous_6)
FNDA:19,(anonymous_7)
FNDA:12,(anonymous_8)
FNDA:12,(anonymous_9)
FNDA:0,(anonymous_10)
FNDA:3,(anonymous_11)
FNDA:2,(anonymous_12)
FNDA:7,(anonymous_13)
DA:34,17
DA:37,17
DA:49,10
DA:50,10
DA:51,0
DA:52,0
DA:55,10
DA:56,9
DA:57,9
DA:59,1
DA:60,1
DA:70,3
DA:71,3
DA:72,0
DA:73,0
DA:76,3
DA:77,2
DA:78,2
DA:80,1
DA:81,1
DA:90,4
DA:91,4
DA:92,0
DA:93,0
DA:97,4
DA:98,6
DA:101,3
DA:102,3
DA:104,1
DA:105,1
DA:116,10
DA:118,10
DA:119,2
DA:120,8
DA:121,9
DA:123,3
DA:124,3
DA:127,19
DA:129,10
DA:142,12
DA:143,0
DA:144,0
DA:151,12
DA:153,12
DA:156,12
DA:157,12
DA:161,12
DA:164,3
DA:166,12
DA:173,0
DA:174,0
DA:188,2
DA:190,2
DA:191,2
DA:194,2
DA:195,7
DA:196,7
DA:197,7
DA:198,7
DA:206,2
LF:60
LH:50
BRDA:36,0,0,12
BRDA:50,1,0,0
BRDA:50,1,1,10
BRDA:71,2,0,0
BRDA:71,2,1,3
BRDA:91,3,0,0
BRDA:91,3,1,4
BRDA:118,4,0,2
BRDA:118,4,1,8
BRDA:120,5,0,5
BRDA:120,5,1,3
BRDA:131,6,0,3
BRDA:131,6,1,7
BRDA:142,7,0,0
BRDA:142,7,1,12
BRDA:147,8,0,0
BRDA:147,8,1,0
BRDA:169,9,0,9
BRDA:169,9,1,3
BRDA:196,10,0,7
BRDA:196,10,1,0
BRF:21
BRH:14
end_of_record
TN:
SF:src/utils/fontUtils.ts
FN:9,getGlobalFontChecker
FN:19,createFontChecker
FN:26,checkFont
FN:36,(anonymous_3)
FN:48,checkFonts
FN:56,addFont
FN:64,deleteFont
FN:72,clearFonts
FN:80,isFontLoaded
FN:90,waitForFonts
FNF:10
FNH:9
FNDA:8,getGlobalFontChecker
FNDA:6,createFontChecker
FNDA:2,checkFont
FNDA:1,(anonymous_3)
FNDA:2,checkFonts
FNDA:2,addFont
FNDA:2,deleteFont
FNDA:0,clearFonts
FNDA:2,isFontLoaded
FNDA:2,waitForFonts
DA:4,1
DA:10,8
DA:11,1
DA:13,8
DA:20,6
DA:27,2
DA:28,2
DA:31,2
DA:32,1
DA:36,1
DA:37,1
DA:38,1
DA:42,0
DA:49,2
DA:50,2
DA:57,2
DA:58,2
DA:65,2
DA:66,2
DA:73,0
DA:74,0
DA:81,2
DA:82,1
DA:84,1
DA:91,2
DA:92,2
LF:26
LH:23
BRDA:10,0,0,1
BRDA:10,0,1,7
BRDA:31,1,0,1
BRDA:31,1,1,1
BRDA:37,2,0,1
BRDA:37,2,1,0
BRDA:81,3,0,1
BRDA:81,3,1,1
BRF:8
BRH:7
end_of_record
